 .__   __.   ______   .___  ___.   ______    _______   _______   ______   ______      .______   ____    ____ 
 |  \ |  |  /  __  \  |   \/   |  /  __  \  |       \ |   ____| /      | /  __  \     |   _  \  \   \  /   / 
 |   \|  | |  |  |  | |  \  /  | |  |  |  | |  .--.  ||  |__   |  ,----'|  |  |  |    |  |_)  |  \   \/   /  
 |  . `  | |  |  |  | |  |\/|  | |  |  |  | |  |  |  ||   __|  |  |     |  |  |  |    |   ___/    \_    _/   
 |  |\   | |  `--'  | |  |  |  | |  `--'  | |  '--'  ||  |____ |  `----.|  `--'  |  __|  |          |  |     
 |__| \__|  \______/  |__|  |__|  \______/  |_______/ |_______| \______| \______/  (__) _|          |__|     
                                                                                                             


**************************************************************************************************************
                                  Kemal Önen, Dennis F. Dinu, Klaus R. Liedl                                  
                                      Liedl Lab, University of Innsbruck                                      
**************************************************************************************************************


-------------------------------- Initialization of an internal coordinate set --------------------------------

The following 13 Internal Coordinates are used in your analysis:
bonds: [('H1', 'O2'), ('O1', 'H2'), ('O2', 'H3'), ('O2', 'H4'), ('O2', 'H2')]
in-plane angles: [('H1', 'O2', 'H3'), ('H1', 'O2', 'H4'), ('H3', 'O2', 'H4'), ('O1', 'H2', 'O2')]
linear valence-angles: []
out-of-plane angles: []
dihedrals: [('H1', 'O2', 'H3', 'H2'), ('H1', 'O2', 'H4', 'H2'), ('H4', 'O2', 'H2', 'O1'), ('H3', 'O2', 'H2', 'O1')]



Imaginary frequency values were detected for the intrinsic frequencies.
The computation will be stopped


-------------------------------- Initialization of an internal coordinate set --------------------------------

The following 13 Internal Coordinates are used in your analysis:
bonds: [('H1', 'O2'), ('O1', 'H2'), ('O2', 'H3'), ('O2', 'H4'), ('O2', 'H2')]
in-plane angles: [('H1', 'O2', 'H3'), ('H1', 'O2', 'H4'), ('H3', 'O2', 'H4'), ('O1', 'H2', 'O2')]
linear valence-angles: []
out-of-plane angles: []
dihedrals: [('H1', 'O2', 'H3', 'H2'), ('H1', 'O2', 'H4', 'H2'), ('H3', 'O2', 'H1', 'H2'), ('H4', 'O2', 'H1', 'H2')]



Imaginary frequency values were detected for the intrinsic frequencies.
The computation will be stopped


-------------------------------- Initialization of an internal coordinate set --------------------------------

The following 13 Internal Coordinates are used in your analysis:
bonds: [('H1', 'O2'), ('O1', 'H2'), ('O2', 'H3'), ('O2', 'H4'), ('O2', 'H2')]
in-plane angles: [('H1', 'O2', 'H3'), ('H1', 'O2', 'H4'), ('H3', 'O2', 'H4'), ('O1', 'H2', 'O2')]
linear valence-angles: []
out-of-plane angles: []
dihedrals: [('H1', 'O2', 'H3', 'H2'), ('H1', 'O2', 'H4', 'H2'), ('O2', 'H3', 'H2', 'O1'), ('O2', 'H4', 'H2', 'O1')]



Imaginary frequency values were detected for the intrinsic frequencies.
The computation will be stopped


-------------------------------- Initialization of an internal coordinate set --------------------------------

The following 13 Internal Coordinates are used in your analysis:
bonds: [('H1', 'O2'), ('O1', 'H2'), ('O2', 'H3'), ('O2', 'H4'), ('O2', 'H2')]
in-plane angles: [('H1', 'O2', 'H3'), ('H1', 'O2', 'H4'), ('H3', 'O2', 'H4'), ('O1', 'H2', 'O2')]
linear valence-angles: []
out-of-plane angles: []
dihedrals: [('H4', 'O2', 'H2', 'O1'), ('H3', 'O2', 'H2', 'O1'), ('H3', 'O2', 'H1', 'H2'), ('H4', 'O2', 'H1', 'H2')]



Imaginary frequency values were detected for the intrinsic frequencies.
The computation will be stopped


-------------------------------- Initialization of an internal coordinate set --------------------------------

The following 13 Internal Coordinates are used in your analysis:
bonds: [('H1', 'O2'), ('O1', 'H2'), ('O2', 'H3'), ('O2', 'H4'), ('O2', 'H2')]
in-plane angles: [('H1', 'O2', 'H3'), ('H1', 'O2', 'H4'), ('H3', 'O2', 'H4'), ('O1', 'H2', 'O2')]
linear valence-angles: []
out-of-plane angles: []
dihedrals: [('H4', 'O2', 'H2', 'O1'), ('H3', 'O2', 'H2', 'O1'), ('O2', 'H3', 'H2', 'O1'), ('O2', 'H4', 'H2', 'O1')]



Imaginary frequency values were detected for the intrinsic frequencies.
The computation will be stopped


-------------------------------- Initialization of an internal coordinate set --------------------------------

The following 13 Internal Coordinates are used in your analysis:
bonds: [('H1', 'O2'), ('O1', 'H2'), ('O2', 'H3'), ('O2', 'H4'), ('O2', 'H2')]
in-plane angles: [('H1', 'O2', 'H3'), ('H1', 'O2', 'H4'), ('H3', 'O2', 'H4'), ('O1', 'H2', 'O2')]
linear valence-angles: []
out-of-plane angles: []
dihedrals: [('H3', 'O2', 'H1', 'H2'), ('H4', 'O2', 'H1', 'H2'), ('O2', 'H3', 'H2', 'O1'), ('O2', 'H4', 'H2', 'O1')]



Imaginary frequency values were detected for the intrinsic frequencies.
The computation will be stopped


-------------------------------- Initialization of an internal coordinate set --------------------------------

The following 13 Internal Coordinates are used in your analysis:
bonds: [('O2', 'H3'), ('O2', 'H4'), ('O2', 'H2'), ('H1', 'O1'), ('H1', 'O2')]
in-plane angles: [('H1', 'O2', 'H3'), ('H1', 'O2', 'H4'), ('O1', 'H1', 'O2'), ('H3', 'O2', 'H4')]
linear valence-angles: []
out-of-plane angles: []
dihedrals: [('H1', 'O2', 'H3', 'H2'), ('H1', 'O2', 'H4', 'H2'), ('H3', 'O2', 'H1', 'H2'), ('H4', 'O2', 'H1', 'H2')]


-------------------------- Results of the Decomposition Scheme ---------------------------

1.) Intrinsic Frequencies for all normal-coordinate frequencies and
    vibrational distribution matrix (exact approximation) at the following
    harmonic frequencies (all frequency values in cm-1):

Internal Coordinate Intrinsic Frequencies 71.53 110.05 161.02 177.05 361.91 606.02 1755.8 1776.64 4098.53 4137.46 4218.5 4228.15
           (O2, H3)               4235.40 -0.00  -0.00  -0.00  -0.00   0.00   0.00   0.00   -0.00    0.01    0.49   0.00    0.49
           (O2, H4)               4234.29 -0.00  -0.00  -0.00  -0.00   0.00   0.00   0.00   -0.00    0.01    0.48   0.00    0.51
           (O2, H2)               4004.15 -0.00   0.00   0.02   0.03   0.00   0.00   0.00    0.00    0.78    0.02   0.15    0.00
           (H1, O1)               4110.44 -0.00  -0.00  -0.00   0.00  -0.00   0.00   0.00    0.03    0.05    0.01   0.89    0.00
           (H1, O2)                916.31 -0.00   0.00  -0.24   1.05   0.02   0.00   0.00    0.15    0.19    0.01  -0.18   -0.00
       (H1, O2, H3)                676.78  0.22   0.10   0.12   0.06   0.08   0.16   0.09   -0.01    0.00    0.00   0.01   -0.00
       (H1, O2, H4)                670.34  0.20   0.13   0.11   0.05   0.06   0.18   0.09   -0.01    0.00    0.00   0.00    0.00
       (O1, H1, O2)               1272.00  0.00  -0.00   0.72  -0.39   0.23   0.00   0.02    0.37   -0.05   -0.00   0.09    0.00
       (H3, O2, H4)                881.78 -0.00   0.00   0.00   0.00  -0.01   0.00   0.53    0.15   -0.00   -0.00   0.00    0.00
   (H1, O2, H3, H2)               1694.23  0.26   0.22   0.00   0.03   0.33   0.17   0.09    0.14   -0.00   -0.00   0.01   -0.00
   (H1, O2, H4, H2)               1706.73  0.26   0.24   0.01   0.03   0.31   0.14   0.08    0.16   -0.00   -0.00   0.01   -0.00
   (H3, O2, H1, H2)                986.08  0.02   0.20   0.05   0.02   0.21   0.28   0.09   -0.02    0.00    0.00   0.01   -0.00
   (H4, O2, H1, H2)                965.42 -0.01   0.26   0.05   0.02   0.21   0.26   0.09   -0.02    0.00    0.00   0.01    0.00

Check if matrix is normalized: 1.0

2.) Intrinsic Frequencies for all normal-coordinate frequencies and
    diagonal elements of the PED matrix at the following
    harmonic frequencies (all frequency values in cm-1):

Internal Coordinate Intrinsic Frequencies 71.53 110.05 161.02 177.05 361.91 606.02 1755.8 1776.64 4098.53 4137.46 4218.5 4228.15
           (O2, H3)               4235.40  0.00   0.00   0.00   0.00   0.00   0.00   0.01    0.00    0.02    0.51   0.00    0.51
           (O2, H4)               4234.29  0.00   0.00   0.00   0.00   0.00   0.00   0.01    0.00    0.02    0.50   0.00    0.52
           (O2, H2)               4004.15  0.00   0.03  20.40  41.68   0.15   0.00   0.01    0.01    0.75    0.01   0.13    0.00
           (H1, O1)               4110.44  0.00   0.00   0.00   0.00   0.00   0.00   0.00    0.01    0.17    0.01   0.92    0.00
           (H1, O2)                916.31  0.62   0.12   9.58 130.53  19.20   0.00   0.01    1.39    0.05    0.01   0.21    0.00
       (H1, O2, H3)                676.78 19.60   2.39   0.97   0.76   0.25   0.08   0.02    0.00    0.00    0.00   0.00    0.00
       (H1, O2, H4)                670.34 22.05   2.95   1.00   0.70   0.23   0.09   0.03    0.00    0.00    0.00   0.00    0.00
       (O1, H1, O2)               1272.00  0.84   0.04  71.26  30.43  27.59   0.00   0.05    1.68    0.00    0.00   0.05    0.00
       (H3, O2, H4)                881.78  0.00   0.00   0.00   0.01   0.00   0.00   1.07    0.04    0.00    0.00   0.00    0.00
   (H1, O2, H3, H2)               1694.23 51.80  13.53   0.00   0.55   6.80   0.55   0.29    0.02    0.00    0.00   0.01    0.00
   (H1, O2, H4, H2)               1706.73 57.76  18.25   0.02   0.54   6.86   0.39   0.29    0.03    0.00    0.00   0.01    0.00
   (H3, O2, H1, H2)                986.08 14.14  52.30   1.03   0.63   0.43   1.79   0.03    0.00    0.00    0.00   0.00    0.00
   (H4, O2, H1, H2)                965.42 11.35  46.97   0.66   0.61   0.42   1.64   0.02    0.00    0.00    0.00   0.00    0.00

3.) Intrinsic Frequencies for all normal-coordinate frequencies and
    contribution table calculated from the diagonal elements of the PED at the following
    harmonic frequencies (all frequency values in cm-1):

Internal Coordinate Intrinsic Frequencies 71.53 110.05 161.02 177.05 361.91 606.02 1755.8 1776.64 4098.53 4137.46 4218.5 4228.15
           (O2, H3)               4235.40  0.00   0.00   0.00   0.00   0.00   0.00   0.38    0.01    1.62   48.80   0.06   49.26
           (O2, H4)               4234.29  0.00   0.00   0.00   0.00   0.00   0.00   0.38    0.01    1.58   47.43   0.05   50.55
           (O2, H2)               4004.15  0.00   0.02  19.45  20.19   0.25   0.00   0.69    0.29   74.14    1.09   9.93    0.00
           (H1, O1)               4110.44  0.00   0.00   0.00   0.00   0.00   0.00   0.02    0.27   17.35    1.23  68.89    0.00
           (H1, O2)                916.31  0.35   0.09   9.13  63.23  30.99   0.06   0.58   43.69    4.72    0.85  15.40    0.00
       (H1, O2, H3)                676.78 11.00   1.75   0.93   0.37   0.41   1.69   1.24    0.07    0.00    0.00   0.01    0.00
       (H1, O2, H4)                670.34 12.37   2.16   0.95   0.34   0.37   2.00   1.38    0.06    0.00    0.00   0.01    0.00
       (O1, H1, O2)               1272.00  0.47   0.03  67.91  14.74  44.55   0.06   2.75   52.85    0.35    0.07   3.74    0.00
       (H3, O2, H4)                881.78  0.00   0.00   0.00   0.00   0.01   0.00  58.03    1.14    0.00    0.00   0.00    0.00
   (H1, O2, H3, H2)               1694.23 29.07   9.91   0.00   0.26  10.98  12.07  15.90    0.66    0.11    0.26   0.89    0.08
   (H1, O2, H4, H2)               1706.73 32.42  13.36   0.02   0.26  11.07   8.64  15.90    0.87    0.12    0.27   0.99    0.08
   (H3, O2, H1, H2)                986.08  7.93  38.30   0.99   0.30   0.69  39.39   1.49    0.05    0.00    0.00   0.01    0.01
   (H4, O2, H1, H2)                965.42  6.37  34.39   0.63   0.29   0.68  36.08   1.27    0.05    0.00    0.00   0.01    0.01

The following diagonalization parameter, penalty for asymmetric instrinsic frequencies and penalty for unphysical contributions has been determined: 45.57, 0, 0.0 

-------------------------------- Initialization of an internal coordinate set --------------------------------

The following 13 Internal Coordinates are used in your analysis:
bonds: [('O2', 'H3'), ('O2', 'H4'), ('O2', 'H2'), ('H1', 'O1'), ('H1', 'O2')]
in-plane angles: [('H1', 'O2', 'H3'), ('H1', 'O2', 'H4'), ('O1', 'H1', 'O2'), ('H3', 'O2', 'H4')]
linear valence-angles: []
out-of-plane angles: []
dihedrals: [('H1', 'O2', 'H3', 'H2'), ('H1', 'O2', 'H4', 'H2'), ('O1', 'H1', 'O2', 'H4'), ('O1', 'H1', 'O2', 'H3')]


-------------------------- Results of the Decomposition Scheme ---------------------------

1.) Intrinsic Frequencies for all normal-coordinate frequencies and
    vibrational distribution matrix (exact approximation) at the following
    harmonic frequencies (all frequency values in cm-1):

Internal Coordinate Intrinsic Frequencies 71.53 110.05 161.02 177.05 361.91 606.02 1755.8 1776.64 4098.53 4137.46 4218.5 4228.15
           (O2, H3)               4251.39 -0.00   0.00  -0.00  -0.00   0.00   0.00   0.00   -0.00    0.01    0.49   0.00    0.49
           (O2, H4)               4240.81 -0.00   0.00  -0.00  -0.00   0.00   0.00   0.00   -0.00    0.01    0.48   0.00    0.51
           (O2, H2)               4004.13 -0.00   0.00   0.02   0.03   0.00   0.00   0.00    0.00    0.78    0.02   0.15    0.00
           (H1, O1)               4110.56 -0.00  -0.00  -0.00   0.00  -0.00   0.00   0.00    0.03    0.05    0.01   0.89    0.00
           (H1, O2)                915.95 -0.00   0.00  -0.24   1.05   0.02   0.00   0.00    0.15    0.19    0.01  -0.18   -0.00
       (H1, O2, H3)                800.58  0.19  -0.01   0.12   0.06   0.08   0.31   0.09   -0.00    0.00    0.00   0.01   -0.00
       (H1, O2, H4)                781.24  0.21  -0.00   0.11   0.06   0.05   0.31   0.09   -0.01    0.00    0.00   0.00   -0.00
       (O1, H1, O2)               1272.61  0.00  -0.00   0.72  -0.39   0.23   0.00   0.02    0.37   -0.05   -0.00   0.09    0.00
       (H3, O2, H4)                880.72  0.00   0.00   0.00   0.00  -0.01  -0.00   0.53    0.15   -0.00   -0.00   0.00   -0.00
   (H1, O2, H3, H2)               1692.98  0.28  -0.11   0.00   0.03   0.30   0.59   0.08    0.12   -0.00   -0.00   0.01    0.00
   (H1, O2, H4, H2)               1842.58  0.29  -0.11   0.01   0.03   0.34   0.46   0.09    0.17   -0.00   -0.00   0.01    0.00
   (O1, H1, O2, H4)                812.81 -0.01   0.58   0.05   0.03   0.20  -0.05   0.09   -0.02    0.00    0.00   0.01    0.00
   (O1, H1, O2, H3)                885.60 -0.01   0.55   0.05   0.01   0.23  -0.05   0.10   -0.02    0.00    0.00   0.01    0.00

Check if matrix is normalized: 1.0

2.) Intrinsic Frequencies for all normal-coordinate frequencies and
    diagonal elements of the PED matrix at the following
    harmonic frequencies (all frequency values in cm-1):

Internal Coordinate Intrinsic Frequencies 71.53 110.05 161.02 177.05 361.91 606.02 1755.8 1776.64 4098.53 4137.46 4218.5 4228.15
           (O2, H3)               4251.39  0.00   0.00   0.00   0.00   0.00   0.00   0.01    0.00    0.02    0.52   0.00    0.51
           (O2, H4)               4240.81  0.00   0.00   0.00   0.00   0.00   0.00   0.01    0.00    0.02    0.50   0.00    0.52
           (O2, H2)               4004.13  0.00   0.03  20.40  41.68   0.15   0.00   0.01    0.01    0.75    0.01   0.13    0.00
           (H1, O1)               4110.56  0.00   0.00   0.00   0.00   0.00   0.00   0.00    0.01    0.17    0.01   0.92    0.00
           (H1, O2)                915.95  0.62   0.12   9.58 130.53  19.20   0.00   0.01    1.39    0.05    0.01   0.21    0.00
       (H1, O2, H3)                800.58 36.64   4.46   1.82   1.41   0.47   0.14   0.04    0.00    0.00    0.00   0.00    0.00
       (H1, O2, H4)                781.24 38.40   5.14   1.74   1.22   0.39   0.16   0.04    0.00    0.00    0.00   0.00    0.00
       (O1, H1, O2)               1272.61  0.84   0.04  71.27  30.43  27.60   0.00   0.05    1.68    0.00    0.00   0.05    0.00
       (H3, O2, H4)                880.72  0.00   0.00   0.00   0.01   0.00   0.00   1.07    0.04    0.00    0.00   0.00    0.00
   (H1, O2, H3, H2)               1692.98 72.12  18.84   0.01   0.76   9.47   0.76   0.41    0.03    0.00    0.00   0.02    0.00
   (H1, O2, H4, H2)               1842.58 96.43  30.46   0.03   0.90  11.45   0.65   0.49    0.05    0.00    0.00   0.02    0.00
   (O1, H1, O2, H4)                812.81  6.00  40.74   1.09   0.93   0.52   0.01   0.03    0.00    0.00    0.00   0.00    0.00
   (O1, H1, O2, H3)                885.60  5.69  46.76   1.21   0.77   0.66   0.01   0.04    0.00    0.00    0.00   0.00    0.00

3.) Intrinsic Frequencies for all normal-coordinate frequencies and
    contribution table calculated from the diagonal elements of the PED at the following
    harmonic frequencies (all frequency values in cm-1):

Internal Coordinate Intrinsic Frequencies 71.53 110.05 161.02 177.05 361.91 606.02 1755.8 1776.64 4098.53 4137.46 4218.5 4228.15
           (O2, H3)               4251.39  0.00   0.00   0.00   0.00   0.00   0.00   0.32    0.01    1.64   48.83   0.06   49.38
           (O2, H4)               4240.81  0.00   0.00   0.00   0.00   0.00   0.00   0.31    0.01    1.58   47.16   0.05   50.36
           (O2, H2)               4004.13  0.00   0.02  19.04  19.98   0.22   0.00   0.58    0.28   74.02    1.08   9.82    0.00
           (H1, O1)               4110.56  0.00   0.00   0.00   0.00   0.00   0.00   0.01    0.27   17.32    1.22  68.18    0.00
           (H1, O2)                915.95  0.24   0.08   8.94  62.56  27.45   0.16   0.48   43.26    4.71    0.84  15.24    0.00
       (H1, O2, H3)                800.58 14.27   3.04   1.70   0.68   0.68   8.23   1.92    0.12    0.01    0.00   0.02    0.01
       (H1, O2, H4)                781.24 14.96   3.50   1.62   0.59   0.56   9.08   1.99    0.11    0.00    0.00   0.01    0.01
       (O1, H1, O2)               1272.61  0.33   0.03  66.51  14.59  39.47   0.16   2.29   52.34    0.35    0.07   3.70    0.00
       (H3, O2, H4)                880.72  0.00   0.00   0.00   0.00   0.01   0.00  48.46    1.14    0.00    0.00   0.00    0.00
   (H1, O2, H3, H2)               1692.98 28.09  12.85   0.01   0.36  13.54  43.80  18.39    0.91    0.15    0.36   1.23    0.11
   (H1, O2, H4, H2)               1842.58 37.56  20.78   0.03   0.43  16.37  37.60  22.06    1.44    0.21    0.44   1.64    0.13
   (O1, H1, O2, H4)                812.81  2.34  27.79   1.02   0.44   0.75   0.37   1.45    0.06    0.00    0.00   0.01    0.00
   (O1, H1, O2, H3)                885.60  2.22  31.90   1.13   0.37   0.95   0.60   1.73    0.07    0.00    0.00   0.01    0.01

The following diagonalization parameter, penalty for asymmetric instrinsic frequencies and penalty for unphysical contributions has been determined: 45.37, 0, 0.0 

-------------------------------- Initialization of an internal coordinate set --------------------------------

The following 13 Internal Coordinates are used in your analysis:
bonds: [('O2', 'H3'), ('O2', 'H4'), ('O2', 'H2'), ('H1', 'O1'), ('H1', 'O2')]
in-plane angles: [('H1', 'O2', 'H3'), ('H1', 'O2', 'H4'), ('O1', 'H1', 'O2'), ('H3', 'O2', 'H4')]
linear valence-angles: []
out-of-plane angles: []
dihedrals: [('H3', 'O2', 'H1', 'H2'), ('H4', 'O2', 'H1', 'H2'), ('O1', 'H1', 'O2', 'H4'), ('O1', 'H1', 'O2', 'H3')]



Imaginary frequency values were detected for the intrinsic frequencies.
The computation will be stopped


-------------------------------- Initialization of an internal coordinate set --------------------------------

The following 13 Internal Coordinates are used in your analysis:
bonds: [('O2', 'H3'), ('O2', 'H4'), ('H1', 'O1'), ('H1', 'O2'), ('O1', 'H2')]
in-plane angles: [('H1', 'O1', 'H2'), ('H1', 'O2', 'H3'), ('H1', 'O2', 'H4'), ('O1', 'H1', 'O2')]
linear valence-angles: []
out-of-plane angles: []
dihedrals: [('H4', 'H2', 'O1', 'H1'), ('H3', 'H2', 'O1', 'H1'), ('O1', 'H1', 'O2', 'H4'), ('O1', 'H1', 'O2', 'H3')]


-------------------------- Results of the Decomposition Scheme ---------------------------

1.) Intrinsic Frequencies for all normal-coordinate frequencies and
    vibrational distribution matrix (exact approximation) at the following
    harmonic frequencies (all frequency values in cm-1):

Internal Coordinate Intrinsic Frequencies 71.53 110.05 161.02 177.05 361.91 606.02 1755.8 1776.64 4098.53 4137.46 4218.5 4228.15
           (O2, H3)               4181.71 -0.00   0.00  -0.00   0.00  -0.00  -0.00  -0.00    0.00    0.02    0.49   0.00    0.49
           (O2, H4)               4183.11 -0.00   0.00  -0.00   0.00  -0.00  -0.00  -0.00    0.00    0.01    0.48   0.00    0.51
           (H1, O1)               3854.03 -0.00  -0.00  -0.00   0.00   0.00   0.00   0.00    0.00    0.13    0.01   0.73    0.00
           (H1, O2)                696.17 -0.00   0.00  -0.26   1.16   0.04   0.00   0.00    0.02    0.00    0.00   0.02    0.00
           (O1, H2)               4120.14  0.00  -0.00  -0.00  -0.00   0.00  -0.00  -0.00   -0.00    0.81    0.02   0.17    0.00
       (H1, O1, H2)               1566.63 -0.00  -0.00   0.00  -0.01  -0.00  -0.00   0.04    0.75    0.00    0.00  -0.00   -0.00
       (H1, O2, H3)                931.57  0.36   0.03   0.12   0.03   0.10   0.09   0.24    0.01    0.00    0.00   0.00   -0.00
       (H1, O2, H4)                935.18  0.38   0.04   0.12   0.03   0.08   0.10   0.24    0.01    0.00    0.00   0.00   -0.00
       (O1, H1, O2)               1095.33  0.00  -0.00   0.69  -0.33   0.22   0.00   0.01    0.07    0.01    0.00   0.04    0.00
   (H4, H2, O1, H1)                799.40  0.07   0.07   0.13  -0.00   0.12   0.39   0.00    0.09    0.00   -0.00   0.01    0.00
   (H3, H2, O1, H1)                764.85  0.08   0.08   0.12   0.00   0.10   0.46   0.00    0.07    0.00   -0.00   0.00   -0.00
   (O1, H1, O2, H4)                919.86  0.10   0.37   0.05   0.06   0.16   0.02   0.23    0.01    0.00    0.00   0.00    0.00
   (O1, H1, O2, H3)                930.73  0.08   0.37   0.05   0.05   0.17   0.03   0.24    0.01    0.00    0.00   0.00    0.00

Check if matrix is normalized: 1.0

2.) Intrinsic Frequencies for all normal-coordinate frequencies and
    diagonal elements of the PED matrix at the following
    harmonic frequencies (all frequency values in cm-1):

Internal Coordinate Intrinsic Frequencies 71.53 110.05 161.02 177.05 361.91 606.02 1755.8 1776.64 4098.53 4137.46 4218.5 4228.15
           (O2, H3)               4181.71  0.00   0.00   0.00   0.00   0.00   0.00   0.01    0.00    0.02    0.49   0.00    0.49
           (O2, H4)               4183.11  0.00   0.00   0.00   0.00   0.00   0.00   0.01    0.00    0.02    0.48   0.00    0.50
           (H1, O1)               3854.03  0.00   0.00   0.00   0.00   0.00   0.00   0.00    0.01    0.12    0.01   0.64    0.00
           (H1, O2)                696.17  0.01   0.00   0.19   2.54   0.37   0.00   0.00    0.03    0.00    0.00   0.00    0.00
           (O1, H2)               4120.14  0.00   0.00   0.00   0.00   0.00   0.00   0.00    0.01    0.82    0.02   0.16    0.00
       (H1, O1, H2)               1566.63  0.00   0.00   0.04   0.02   0.07   0.00   0.03    0.87    0.00    0.00   0.00    0.00
       (H1, O2, H3)                931.57 55.17   6.72   2.74   2.13   0.71   0.22   0.06    0.01    0.00    0.00   0.00    0.00
       (H1, O2, H4)                935.18 58.13   7.77   2.63   1.85   0.60   0.24   0.07    0.01    0.00    0.00   0.00    0.00
       (O1, H1, O2)               1095.33  0.05   0.00   4.57   1.95   1.77   0.00   0.00    0.11    0.00    0.00   0.00    0.00
   (H4, H2, O1, H1)                799.40  6.66  12.07   2.45   1.77   0.53   0.50   0.00    0.07    0.00    0.00   0.00    0.00
   (H3, H2, O1, H1)                764.85  6.01  12.41   2.19   1.39   0.43   0.55   0.00    0.05    0.00    0.00   0.00    0.00
   (O1, H1, O2, H4)                919.86 10.98  74.52   1.99   1.70   0.96   0.01   0.06    0.00    0.00    0.00   0.00    0.00
   (O1, H1, O2, H3)                930.73  9.38  77.06   1.99   1.27   1.09   0.02   0.06    0.00    0.00    0.00   0.00    0.00

3.) Intrinsic Frequencies for all normal-coordinate frequencies and
    contribution table calculated from the diagonal elements of the PED at the following
    harmonic frequencies (all frequency values in cm-1):

Internal Coordinate Intrinsic Frequencies 71.53 110.05 161.02 177.05 361.91 606.02 1755.8 1776.64 4098.53 4137.46 4218.5 4228.15
           (O2, H3)               4181.71  0.00   0.00   0.00   0.00   0.01   0.00   2.20    0.02    1.63   49.19   0.10   49.30
           (O2, H4)               4183.11  0.00   0.00   0.00   0.00   0.01   0.00   2.20    0.02    1.59   47.89   0.09   50.66
           (H1, O1)               3854.03  0.00   0.00   0.00   0.00   0.01   0.00   0.07    0.51   12.43    0.88  78.51    0.00
           (H1, O2)                696.17  0.01   0.00   0.99  17.37   5.71   0.00   0.07    2.35    0.10    0.02   0.50    0.00
           (O1, H2)               4120.14  0.00   0.00   0.00   0.00   0.00   0.00   0.14    0.44   84.19    2.01  20.24    0.00
       (H1, O1, H2)               1566.63  0.00   0.00   0.20   0.11   1.02   0.00  10.23   75.54    0.00    0.00   0.00    0.00
       (H1, O2, H3)                931.57 37.69   3.52  14.59  14.56  10.94  14.12  21.14    0.52    0.01    0.00   0.05    0.01
       (H1, O2, H4)                935.18 39.71   4.08  13.99  12.66   9.15  15.65  22.00    0.44    0.01    0.00   0.03    0.01
       (O1, H1, O2)               1095.33  0.04   0.00  24.33  13.36  27.10   0.01   1.07    9.39    0.02    0.00   0.40    0.00
   (H4, H2, O1, H1)                799.40  4.55   6.33  13.06  12.11   8.11  32.56   0.35    5.69    0.01    0.00   0.01    0.00
   (H3, H2, O1, H1)                764.85  4.11   6.51  11.63   9.52   6.59  35.77   0.38    4.45    0.01    0.00   0.01    0.00
   (O1, H1, O2, H4)                919.86  7.50  39.11  10.61  11.62  14.67   0.77  19.33    0.31    0.01    0.00   0.04    0.01
   (O1, H1, O2, H3)                930.73  6.40  40.44  10.59   8.69  16.68   1.12  20.82    0.33    0.01    0.00   0.04    0.01

The following diagonalization parameter, penalty for asymmetric instrinsic frequencies and penalty for unphysical contributions has been determined: 46.76, 0, 0.0 

-------------------------------- Initialization of an internal coordinate set --------------------------------

The following 13 Internal Coordinates are used in your analysis:
bonds: [('O2', 'H3'), ('O2', 'H4'), ('H1', 'O1'), ('H1', 'O2'), ('O1', 'H2')]
in-plane angles: [('H1', 'O1', 'H2'), ('H1', 'O2', 'H3'), ('H1', 'O2', 'H4'), ('H3', 'O2', 'H4')]
linear valence-angles: []
out-of-plane angles: []
dihedrals: [('H4', 'H2', 'O1', 'H1'), ('H3', 'H2', 'O1', 'H1'), ('O1', 'H1', 'O2', 'H4'), ('O1', 'H1', 'O2', 'H3')]


-------------------------- Results of the Decomposition Scheme ---------------------------

1.) Intrinsic Frequencies for all normal-coordinate frequencies and
    vibrational distribution matrix (exact approximation) at the following
    harmonic frequencies (all frequency values in cm-1):

Internal Coordinate Intrinsic Frequencies 71.53 110.05 161.02 177.05 361.91 606.02 1755.8 1776.64 4098.53 4137.46 4218.5 4228.15
           (O2, H3)               4182.01 -0.00   0.00  -0.00   0.00  -0.00  -0.00  -0.00    0.00    0.02    0.49   0.00    0.49
           (O2, H4)               4183.38 -0.00   0.00  -0.00   0.00  -0.00  -0.00  -0.00    0.00    0.02    0.48   0.00    0.51
           (H1, O1)               4190.72 -0.00  -0.00  -0.00   0.00  -0.00   0.00   0.00    0.00    0.16    0.01   0.82    0.00
           (H1, O2)                206.86 -0.00   0.00  -0.31   1.30  -0.00  -0.00  -0.00    0.01   -0.00   -0.00   0.00   -0.00
           (O1, H2)               4119.91  0.00  -0.00  -0.00  -0.00   0.00  -0.00  -0.00   -0.00    0.81    0.02   0.17    0.00
       (H1, O1, H2)               1722.10  0.00  -0.00   0.05  -0.03   0.03   0.00   0.04    0.90   -0.00   -0.00   0.00    0.00
       (H1, O2, H3)                629.22  0.36   0.03   0.20  -0.00   0.07   0.09   0.08    0.01    0.00    0.00   0.00   -0.00
       (H1, O2, H4)                617.78  0.37   0.04   0.19  -0.00   0.05   0.10   0.08    0.01    0.00    0.00   0.00   -0.00
       (H3, O2, H4)               1431.47 -0.00   0.00   0.00   0.00  -0.00  -0.00   0.65    0.02   -0.00   -0.00   0.00   -0.00
   (H4, H2, O1, H1)                569.95  0.08   0.07   0.55  -0.27   0.22   0.39   0.00    0.04   -0.00    0.00  -0.00    0.00
   (H3, H2, O1, H1)                565.42  0.07   0.07   0.50  -0.22   0.19   0.45   0.00    0.03   -0.00    0.00  -0.00    0.00
   (O1, H1, O2, H4)                604.98  0.10   0.37  -0.05   0.11   0.21   0.02   0.07    0.00    0.00    0.00   0.00   -0.00
   (O1, H1, O2, H3)                616.41  0.08   0.37  -0.04   0.09   0.23   0.03   0.07    0.00    0.00    0.00   0.00    0.00

Check if matrix is normalized: 1.0

2.) Intrinsic Frequencies for all normal-coordinate frequencies and
    diagonal elements of the PED matrix at the following
    harmonic frequencies (all frequency values in cm-1):

Internal Coordinate Intrinsic Frequencies 71.53 110.05 161.02 177.05 361.91 606.02 1755.8 1776.64 4098.53 4137.46 4218.5 4228.15
           (O2, H3)               4182.01  0.00   0.00   0.00   0.00   0.00   0.00   0.01    0.00    0.02    0.49   0.00    0.49
           (O2, H4)               4183.38  0.00   0.00   0.00   0.00   0.00   0.00   0.01    0.00    0.02    0.48   0.00    0.50
           (H1, O1)               4190.72  0.00   0.00   0.00   0.00   0.00   0.00   0.00    0.01    0.16    0.01   0.82    0.00
           (H1, O2)                206.86  0.01   0.00   0.22   2.98   0.44   0.00   0.00    0.03    0.00    0.00   0.00    0.00
           (O1, H2)               4119.91  0.00   0.00   0.00   0.00   0.00   0.00   0.00    0.01    0.82    0.02   0.16    0.00
       (H1, O1, H2)               1722.10  0.00   0.00   0.04   0.02   0.08   0.00   0.04    0.99    0.00    0.00   0.00    0.00
       (H1, O2, H3)                629.22 11.83   1.44   0.59   0.46   0.15   0.05   0.01    0.00    0.00    0.00   0.00    0.00
       (H1, O2, H4)                617.78 12.45   1.67   0.56   0.40   0.13   0.05   0.01    0.00    0.00    0.00   0.00    0.00
       (H3, O2, H4)               1431.47  0.00   0.00   0.00   0.00   0.00   0.00   0.48    0.02    0.00    0.00   0.00    0.00
   (H4, H2, O1, H1)                569.95  3.94   7.14   1.45   1.05   0.31   0.29   0.00    0.04    0.00    0.00   0.00    0.00
   (H3, H2, O1, H1)                565.42  3.77   7.78   1.37   0.87   0.27   0.34   0.00    0.03    0.00    0.00   0.00    0.00
   (O1, H1, O2, H4)                604.98  2.63  17.85   0.48   0.41   0.23   0.00   0.01    0.00    0.00    0.00   0.00    0.00
   (O1, H1, O2, H3)                616.41  2.26  18.60   0.48   0.31   0.26   0.00   0.02    0.00    0.00    0.00   0.00    0.00

3.) Intrinsic Frequencies for all normal-coordinate frequencies and
    contribution table calculated from the diagonal elements of the PED at the following
    harmonic frequencies (all frequency values in cm-1):

Internal Coordinate Intrinsic Frequencies 71.53 110.05 161.02 177.05 361.91 606.02 1755.8 1776.64 4098.53 4137.46 4218.5 4228.15
           (O2, H3)               4182.01  0.00   0.00   0.01   0.00   0.02   0.00   1.13    0.02    1.57   49.07   0.08   49.31
           (O2, H4)               4183.38  0.00   0.00   0.01   0.00   0.02   0.00   1.13    0.02    1.53   47.77   0.07   50.68
           (H1, O1)               4190.72  0.00   0.00   0.00   0.00   0.02   0.00   0.05    0.67   15.51    1.14  82.82    0.00
           (H1, O2)                206.86  0.04   0.00   4.21  45.93  23.37   0.01   0.04    2.81    0.11    0.02   0.47    0.00
           (O1, H2)               4119.91  0.00   0.00   0.01   0.01   0.00   0.00   0.07    0.45   81.26    2.00  16.51    0.00
       (H1, O1, H2)               1722.10  0.00   0.00   0.83   0.28   4.07   0.00   6.04   87.96    0.00    0.00   0.00    0.00
       (H1, O2, H3)                629.22 32.06   2.64  11.32   7.03   8.17   6.24   2.34    0.11    0.00    0.00   0.01    0.00
       (H1, O2, H4)                617.78 33.74   3.06  10.84   6.11   6.83   6.91   2.43    0.10    0.00    0.00   0.01    0.00
       (H3, O2, H4)               1431.47  0.00   0.00   0.01   0.05   0.09   0.00  81.56    1.45    0.00    0.00   0.00    0.00
   (H4, H2, O1, H1)                569.95 10.68  13.11  27.96  16.14  16.72  39.69   0.11    3.42    0.00    0.00   0.00    0.00
   (H3, H2, O1, H1)                565.42 10.21  14.28  26.37  13.45  14.40  46.20   0.12    2.84    0.00    0.00   0.00    0.00
   (O1, H1, O2, H4)                604.98  7.13  32.77   9.19   6.27  12.24   0.38   2.39    0.08    0.00    0.00   0.01    0.00
   (O1, H1, O2, H3)                616.41  6.13  34.13   9.25   4.73  14.03   0.56   2.59    0.08    0.00    0.00   0.01    0.00

The following diagonalization parameter, penalty for asymmetric instrinsic frequencies and penalty for unphysical contributions has been determined: 53.7, 0, 0.0 

-------------------------------- Initialization of an internal coordinate set --------------------------------

The following 13 Internal Coordinates are used in your analysis:
bonds: [('O2', 'H3'), ('O2', 'H4'), ('H1', 'O1'), ('H1', 'O2'), ('O1', 'H2')]
in-plane angles: [('H1', 'O2', 'H3'), ('H1', 'O2', 'H4'), ('O1', 'H1', 'O2'), ('H3', 'O2', 'H4')]
linear valence-angles: []
out-of-plane angles: []
dihedrals: [('H4', 'H2', 'O1', 'H1'), ('H3', 'H2', 'O1', 'H1'), ('O1', 'H1', 'O2', 'H4'), ('O1', 'H1', 'O2', 'H3')]


-------------------------- Results of the Decomposition Scheme ---------------------------

1.) Intrinsic Frequencies for all normal-coordinate frequencies and
    vibrational distribution matrix (exact approximation) at the following
    harmonic frequencies (all frequency values in cm-1):

Internal Coordinate Intrinsic Frequencies 71.53 110.05 161.02 177.05 361.91 606.02 1755.8 1776.64 4098.53 4137.46 4218.5 4228.15
           (O2, H3)               4182.02 -0.00   0.00  -0.00   0.00  -0.00  -0.00  -0.00    0.00    0.02    0.49   0.00    0.49
           (O2, H4)               4183.40 -0.00   0.00  -0.00   0.00  -0.00  -0.00  -0.00    0.00    0.01    0.48   0.00    0.51
           (H1, O1)               4143.54 -0.00  -0.00  -0.00   0.00   0.00   0.00   0.00    0.02    0.14    0.01   0.80    0.00
           (H1, O2)                617.81 -0.00   0.00  -0.25   1.12   0.04   0.00   0.00    0.09    0.00    0.00   0.00    0.00
           (O1, H2)               4119.58  0.00  -0.00  -0.00  -0.00   0.00  -0.00  -0.00   -0.00    0.81    0.02   0.17    0.00
       (H1, O2, H3)                661.95  0.36   0.03   0.11   0.06   0.09   0.09   0.09    0.00    0.00    0.00   0.01   -0.00
       (H1, O2, H4)                645.39  0.38   0.04   0.11   0.05   0.07   0.10   0.09   -0.00    0.00    0.00   0.00   -0.00
       (O1, H1, O2)               1312.77  0.00  -0.00   0.74  -0.42   0.21   0.00   0.02    0.43    0.00    0.00   0.01    0.00
       (H3, O2, H4)               1432.09  0.00   0.00  -0.00   0.00  -0.00  -0.00   0.66    0.01   -0.00   -0.00   0.00   -0.00
   (H4, H2, O1, H1)               1153.46  0.07   0.07   0.09   0.07   0.12   0.39  -0.01    0.33    0.00   -0.00   0.00    0.00
   (H3, H2, O1, H1)               1074.63  0.07   0.08   0.09   0.07   0.11   0.46  -0.01    0.27    0.00   -0.00   0.00    0.00
   (O1, H1, O2, H4)                628.84  0.10   0.37   0.06   0.03   0.18   0.02   0.08   -0.01    0.00    0.00   0.01   -0.00
   (O1, H1, O2, H3)                640.73  0.08   0.37   0.06   0.02   0.19   0.03   0.08   -0.01    0.00    0.00   0.01    0.00

Check if matrix is normalized: 1.0

2.) Intrinsic Frequencies for all normal-coordinate frequencies and
    diagonal elements of the PED matrix at the following
    harmonic frequencies (all frequency values in cm-1):

Internal Coordinate Intrinsic Frequencies 71.53 110.05 161.02 177.05 361.91 606.02 1755.8 1776.64 4098.53 4137.46 4218.5 4228.15
           (O2, H3)               4182.02  0.00   0.00   0.00   0.00   0.00   0.00   0.01    0.00    0.02    0.49   0.00    0.49
           (O2, H4)               4183.40  0.00   0.00   0.00   0.00   0.00   0.00   0.01    0.00    0.02    0.48   0.00    0.50
           (H1, O1)               4143.54  0.00   0.00   0.00   0.00   0.00   0.00   0.00    0.01    0.15    0.01   0.80    0.00
           (H1, O2)                617.81  0.01   0.00   0.21   2.86   0.42   0.00   0.00    0.03    0.00    0.00   0.00    0.00
           (O1, H2)               4119.58  0.00   0.00   0.00   0.00   0.00   0.00   0.00    0.01    0.82    0.02   0.16    0.00
       (H1, O2, H3)                661.95 15.08   1.84   0.75   0.58   0.20   0.06   0.02    0.00    0.00    0.00   0.00    0.00
       (H1, O2, H4)                645.39 15.87   2.12   0.72   0.51   0.16   0.07   0.02    0.00    0.00    0.00   0.00    0.00
       (O1, H1, O2)               1312.77  0.12   0.01   9.76   4.17   3.78   0.00   0.01    0.23    0.00    0.00   0.01    0.00
       (H3, O2, H4)               1432.09  0.00   0.00   0.00   0.00   0.00   0.00   0.54    0.02    0.00    0.00   0.00    0.00
   (H4, H2, O1, H1)               1153.46 13.58  24.62   5.01   3.61   1.08   1.01   0.00    0.13    0.00    0.00   0.00    0.00
   (H3, H2, O1, H1)               1074.63 11.50  23.74   4.18   2.66   0.82   1.05   0.00    0.10    0.00    0.00   0.00    0.00
   (O1, H1, O2, H4)                628.84  3.65  24.79   0.66   0.56   0.32   0.00   0.02    0.00    0.00    0.00   0.00    0.00
   (O1, H1, O2, H3)                640.73  3.03  24.87   0.64   0.41   0.35   0.01   0.02    0.00    0.00    0.00   0.00    0.00

3.) Intrinsic Frequencies for all normal-coordinate frequencies and
    contribution table calculated from the diagonal elements of the PED at the following
    harmonic frequencies (all frequency values in cm-1):

Internal Coordinate Intrinsic Frequencies 71.53 110.05 161.02 177.05 361.91 606.02 1755.8 1776.64 4098.53 4137.46 4218.5 4228.15
           (O2, H3)               4182.02  0.00   0.00   0.00   0.00   0.01   0.00   1.05    0.03    1.58   49.08   0.09   49.31
           (O2, H4)               4183.40  0.00   0.00   0.00   0.00   0.01   0.00   1.05    0.03    1.54   47.78   0.07   50.68
           (H1, O1)               4143.54  0.00   0.00   0.00   0.00   0.01   0.00   0.04    1.40   15.14    1.11  81.84    0.00
           (H1, O2)                617.81  0.02   0.00   0.96  18.64   5.90   0.00   0.04    5.77    0.10    0.02   0.46    0.00
           (O1, H2)               4119.58  0.00   0.00   0.00   0.00   0.00   0.00   0.07    0.96   81.55    2.00  16.77    0.00
       (H1, O2, H3)                661.95 23.99   1.80   3.42   3.78   2.73   2.69   2.75    0.31    0.00    0.00   0.01    0.00
       (H1, O2, H4)                645.39 25.26   2.08   3.27   3.29   2.29   2.98   2.86    0.26    0.00    0.00   0.01    0.00
       (O1, H1, O2)               1312.77  0.18   0.01  44.50  27.11  52.94   0.02   1.09   43.58    0.05    0.01   0.70    0.00
       (H3, O2, H4)               1432.09  0.00   0.00   0.00   0.02   0.03   0.00  84.10    3.46    0.00    0.00   0.00    0.00
   (H4, H2, O1, H1)               1153.46 21.61  24.14  22.83  23.48  15.14  46.23   0.34   25.23    0.01    0.00   0.01    0.00
   (H3, H2, O1, H1)               1074.63 18.31  23.28  19.07  17.33  11.55  47.65   0.35   18.52    0.01    0.00   0.01    0.00
   (O1, H1, O2, H4)                628.84  5.81  24.31   3.02   3.68   4.47   0.18   3.06    0.22    0.00    0.00   0.01    0.00
   (O1, H1, O2, H3)                640.73  4.81  24.38   2.93   2.67   4.93   0.25   3.20    0.23    0.00    0.00   0.01    0.00

The following diagonalization parameter, penalty for asymmetric instrinsic frequencies and penalty for unphysical contributions has been determined: 46.99, 0, 0.0 
